<?xml version="1.0" encoding="UTF-8"?>
<!-- Generated by org.testng.reporters.JUnitXMLReporter -->
<testsuite ignored="0" hostname="LTIN487056" failures="1" tests="2" name="Test3" time="532.773" errors="0" timestamp="2024-03-26T10:43:45 IST">
  <testcase classname="testCases.TC_001" name="firstPage" time="22.773"/>
  <testcase classname="testCases.TC_001" name="secondPage" time="498.989">
    <failure type="java.lang.AssertionError" message="null">
      <![CDATA[java.lang.AssertionError: null
at testCases.TC_001.secondPage(TC_001.java:76)
at java.base/java.util.ArrayList.forEach(ArrayList.java:1511)
... Removed 29 stack frames]]>
    </failure>
  </testcase> <!-- secondPage -->
</testsuite> <!-- Test3 -->
