<?xml version="1.0" encoding="UTF-8"?>
<testng-results ignored="0" total="4" passed="4" failed="0" skipped="0">
  <reporter-output>
  </reporter-output>
  <suite started-at="2024-03-28T15:08:58 IST" name="Suite" finished-at="2024-03-28T15:13:26 IST" duration-ms="267696">
    <groups>
      <group name="regression">
        <method signature="testCase_001.firstPage()[pri:0, instance:testCases.testCase_001@273444fe]" name="firstPage" class="testCases.testCase_001"/>
        <method signature="testCase_001.secondPage()[pri:1, instance:testCases.testCase_001@273444fe]" name="secondPage" class="testCases.testCase_001"/>
        <method signature="testCase_001.firstPage()[pri:0, instance:testCases.testCase_001@28dcca0c]" name="firstPage" class="testCases.testCase_001"/>
        <method signature="testCase_001.secondPage()[pri:1, instance:testCases.testCase_001@28dcca0c]" name="secondPage" class="testCases.testCase_001"/>
      </group> <!-- regression -->
    </groups>
    <test started-at="2024-03-28T15:08:58 IST" name="Test2" finished-at="2024-03-28T15:13:07 IST" duration-ms="248394">
      <class name="testCases.testCase_001">
        <test-method is-config="true" signature="setup(java.lang.String,java.lang.String)[pri:0, instance:testCases.testCase_001@28dcca0c]" started-at="2024-03-28T15:08:59 IST" name="setup" finished-at="2024-03-28T15:09:12 IST" duration-ms="12978" status="PASS">
          <params>
            <param index="0">
              <value>
                <![CDATA[edge]]>
              </value>
            </param>
            <param index="1">
              <value>
                <![CDATA[https://be.cognizant.com/]]>
              </value>
            </param>
          </params>
          <reporter-output>
          </reporter-output>
        </test-method> <!-- setup -->
        <test-method signature="firstPage()[pri:0, instance:testCases.testCase_001@28dcca0c]" started-at="2024-03-28T15:09:12 IST" name="firstPage" finished-at="2024-03-28T15:09:33 IST" duration-ms="21089" status="PASS">
          <reporter-output>
          </reporter-output>
        </test-method> <!-- firstPage -->
        <test-method signature="secondPage()[pri:1, instance:testCases.testCase_001@28dcca0c]" started-at="2024-03-28T15:09:33 IST" name="secondPage" finished-at="2024-03-28T15:12:56 IST" duration-ms="202879" status="PASS">
          <reporter-output>
          </reporter-output>
        </test-method> <!-- secondPage -->
        <test-method is-config="true" signature="tearDown()[pri:0, instance:testCases.testCase_001@28dcca0c]" started-at="2024-03-28T15:12:56 IST" name="tearDown" finished-at="2024-03-28T15:13:07 IST" duration-ms="11143" status="PASS">
          <reporter-output>
          </reporter-output>
        </test-method> <!-- tearDown -->
      </class> <!-- testCases.testCase_001 -->
    </test> <!-- Test2 -->
    <test started-at="2024-03-28T15:08:58 IST" name="Test1" finished-at="2024-03-28T15:13:26 IST" duration-ms="267696">
      <class name="testCases.testCase_001">
        <test-method is-config="true" signature="setup(java.lang.String,java.lang.String)[pri:0, instance:testCases.testCase_001@273444fe]" started-at="2024-03-28T15:08:59 IST" name="setup" finished-at="2024-03-28T15:09:13 IST" duration-ms="14599" status="PASS">
          <params>
            <param index="0">
              <value>
                <![CDATA[chrome]]>
              </value>
            </param>
            <param index="1">
              <value>
                <![CDATA[https://be.cognizant.com/]]>
              </value>
            </param>
          </params>
          <reporter-output>
          </reporter-output>
        </test-method> <!-- setup -->
        <test-method signature="firstPage()[pri:0, instance:testCases.testCase_001@273444fe]" started-at="2024-03-28T15:09:13 IST" name="firstPage" finished-at="2024-03-28T15:09:39 IST" duration-ms="25479" status="PASS">
          <reporter-output>
          </reporter-output>
        </test-method> <!-- firstPage -->
        <test-method signature="secondPage()[pri:1, instance:testCases.testCase_001@273444fe]" started-at="2024-03-28T15:09:39 IST" name="secondPage" finished-at="2024-03-28T15:13:15 IST" duration-ms="216042" status="PASS">
          <reporter-output>
          </reporter-output>
        </test-method> <!-- secondPage -->
        <test-method is-config="true" signature="tearDown()[pri:0, instance:testCases.testCase_001@273444fe]" started-at="2024-03-28T15:13:15 IST" name="tearDown" finished-at="2024-03-28T15:13:26 IST" duration-ms="11100" status="PASS">
          <reporter-output>
          </reporter-output>
        </test-method> <!-- tearDown -->
      </class> <!-- testCases.testCase_001 -->
    </test> <!-- Test1 -->
  </suite> <!-- Suite -->
</testng-results>
